<?xml version="1.0" encoding="UTF-8"?>
<!-- Generated by org.testng.reporters.JUnitXMLReporter -->
<testsuite hostname="DESKTOP-J4K2E9R" ignored="1" tests="5" failures="0" timestamp="21 Jul 2018 03:03:11 GMT" time="10.707" errors="0">
  <testcase name="connectionHealthCheck" time="1.56" classname="SaleChargeRefund"/>
  <testcase name="createASale" time="1.458" classname="SaleChargeRefund"/>
  <testcase name="chargeEndpoint" time="4.036" classname="SaleChargeRefund"/>
  <testcase name="chargeResultCheck" time="1.295" classname="SaleChargeRefund"/>
  <testcase name="refund" time="2.342" classname="SaleChargeRefund"/>
  <testcase name="chargeUI" time="0.0" classname="SaleChargeRefund">
    <ignored/>
  </testcase> <!-- chargeUI -->
</testsuite>
